<?xml version="1.0" encoding="UTF-8"?>
<testsuite name="Check the download of a free template in the market section" tests="4" skipped="0" failures="0" errors="0" timestamp="2022-05-04T19:33:23" hostname="CHMEPC279RF3" time="69.399">
  <properties/>
  <testcase name="Verify that the marketplace section has free templates to download" classname="Check the download of a free template in the market section" time="26.623"/>
  <testcase name="Verify the failed purchase of a laptop on the YourStore page" classname="Check the download of a free template in the market section" time="15.631"/>
  <testcase name="Verify that the results of the products section are according to the selected filter" classname="Check the download of a free template in the market section" time="12.156"/>
  <testcase name="Check the flights on the website of the airline latam" classname="Check the download of a free template in the market section" time="14.969"/>
  <system-out><![CDATA[]]></system-out>
  <system-err><![CDATA[[Test worker] WARN net.thucydides.core.steps.BaseStepListener - stepStarted: net.thucydides.core.steps.ExecutedStepDescription@728b1f3b
[Test worker] WARN net.thucydides.core.steps.BaseStepListener - stepStarted: net.thucydides.core.steps.ExecutedStepDescription@25bd7f66
[Test worker] WARN net.thucydides.core.steps.BaseStepListener - stepStarted: net.thucydides.core.steps.ExecutedStepDescription@30e7ef1f
may 04, 2022 2:33:23 PM org.openqa.selenium.remote.DesiredCapabilities chrome
INFORMACIÓN: Using `new ChromeOptions()` is preferred to `DesiredCapabilities.chrome()`
[Test worker] INFO net.serenitybdd.core.webdriver.driverproviders.ProvideNewDriver - Instantiating driver
[Test worker] INFO net.serenitybdd.core.webdriver.driverproviders.ProvideNewDriver - Driver capabilities: Capabilities {acceptInsecureCerts: false, browserName: chrome, chrome.switches: --start-maximized, goog:chromeOptions: {args: [--start-maximized], extensions: []}, loggingPrefs: org.openqa.selenium.logging..., platform: ANY, version: }
Starting ChromeDriver 100.0.4896.60 (6a5d10861ce8de5fce22564658033b43cb7de047-refs/branch-heads/4896@{#875}) on port 44020
Only local connections are allowed.
Please see https://chromedriver.chromium.org/security-considerations for suggestions on keeping ChromeDriver safe.
ChromeDriver was started successfully.
may 04, 2022 2:33:25 PM org.openqa.selenium.remote.ProtocolHandshake createSession
INFORMACIÓN: Detected dialect: W3C
[Test worker] WARN net.thucydides.core.steps.BaseStepListener - stepFinished: current outcome:Verify that the marketplace section has free templates to download:Given User registered enters the opencart page
| userName | password |
| demo | demo | [Herika open cart [Herika opens the Page opencart]]
[Test worker] WARN net.thucydides.core.steps.BaseStepListener - stepStarted: net.thucydides.core.steps.ExecutedStepDescription@180535df
[Test worker] WARN net.thucydides.core.steps.BaseStepListener - stepFinished: current outcome:Verify that the marketplace section has free templates to download:Given User registered enters the opencart page
| userName | password |
| demo | demo | [Herika open cart [Herika opens the Page opencart, Herika clicks on Click on the username field]]
[Test worker] WARN net.thucydides.core.steps.BaseStepListener - stepStarted: net.thucydides.core.steps.ExecutedStepDescription@3e6d48d5
[Test worker] WARN net.thucydides.core.steps.BaseStepListener - stepFinished: current outcome:Verify that the marketplace section has free templates to download:Given User registered enters the opencart page
| userName | password |
| demo | demo | [Herika open cart [Herika opens the Page opencart, Herika clicks on Click on the username field, Herika enters 'demo' into Enter username]]
[Test worker] WARN net.thucydides.core.steps.BaseStepListener - stepStarted: net.thucydides.core.steps.ExecutedStepDescription@3c5c064d
[Test worker] WARN net.thucydides.core.steps.BaseStepListener - stepFinished: current outcome:Verify that the marketplace section has free templates to download:Given User registered enters the opencart page
| userName | password |
| demo | demo | [Herika open cart [Herika opens the Page opencart, Herika clicks on Click on the username field, Herika enters 'demo' into Enter username, Herika clicks on Click on the password field]]
[Test worker] WARN net.thucydides.core.steps.BaseStepListener - stepStarted: net.thucydides.core.steps.ExecutedStepDescription@2d5edb9c
[Test worker] WARN net.thucydides.core.steps.BaseStepListener - stepFinished: current outcome:Verify that the marketplace section has free templates to download:Given User registered enters the opencart page
| userName | password |
| demo | demo | [Herika open cart [Herika opens the Page opencart, Herika clicks on Click on the username field, Herika enters 'demo' into Enter username, Herika clicks on Click on the password field, Herika enters 'demo' into Enter password]]
[Test worker] WARN net.thucydides.core.steps.BaseStepListener - stepStarted: net.thucydides.core.steps.ExecutedStepDescription@2c59e7fb
[Test worker] WARN net.thucydides.core.steps.BaseStepListener - stepFinished: current outcome:Verify that the marketplace section has free templates to download:Given User registered enters the opencart page
| userName | password |
| demo | demo | [Herika open cart [Herika opens the Page opencart, Herika clicks on Click on the username field, Herika enters 'demo' into Enter username, Herika clicks on Click on the password field, Herika enters 'demo' into Enter password, Herika clicks on Enter password]]
[Test worker] WARN net.thucydides.core.steps.BaseStepListener - stepFinished: current outcome:Verify that the marketplace section has free templates to download:Given User registered enters the opencart page
| userName | password |
| demo | demo | [Herika open cart [Herika opens the Page opencart, Herika clicks on Click on the username field, Herika enters 'demo' into Enter username, Herika clicks on Click on the password field, Herika enters 'demo' into Enter password, Herika clicks on Enter password]]
[Test worker] WARN net.thucydides.core.steps.BaseStepListener - stepFinished: current outcome:Verify that the marketplace section has free templates to download:Given User registered enters the opencart page
| userName | password |
| demo | demo | [Herika open cart [Herika opens the Page opencart, Herika clicks on Click on the username field, Herika enters 'demo' into Enter username, Herika clicks on Click on the password field, Herika enters 'demo' into Enter password, Herika clicks on Enter password]]
[Test worker] WARN net.thucydides.core.steps.BaseStepListener - stepStarted: net.thucydides.core.steps.ExecutedStepDescription@17ab0ea8
[Test worker] WARN net.thucydides.core.steps.BaseStepListener - stepStarted: net.thucydides.core.steps.ExecutedStepDescription@1bc7ec30
[Test worker] WARN net.thucydides.core.steps.BaseStepListener - stepStarted: net.thucydides.core.steps.ExecutedStepDescription@6962c516
[Test worker] WARN net.thucydides.core.steps.BaseStepListener - stepFinished: current outcome:Verify that the marketplace section has free templates to download:Given User registered enters the opencart page
| userName | password |
| demo | demo | [Herika open cart [Herika opens the Page opencart, Herika clicks on Click on the username field, Herika enters 'demo' into Enter username, Herika clicks on Click on the password field, Herika enters 'demo' into Enter password, Herika clicks on Enter password]], When User selects the 'Marketplace' section to download a free template
| filterSearch |
| Themes | [Herika select options [Herika clicks on Click on the extensions option]]
[Test worker] WARN net.thucydides.core.steps.BaseStepListener - stepStarted: net.thucydides.core.steps.ExecutedStepDescription@24ca6cf8
[Test worker] WARN net.thucydides.core.steps.BaseStepListener - stepFinished: current outcome:Verify that the marketplace section has free templates to download:Given User registered enters the opencart page
| userName | password |
| demo | demo | [Herika open cart [Herika opens the Page opencart, Herika clicks on Click on the username field, Herika enters 'demo' into Enter username, Herika clicks on Click on the password field, Herika enters 'demo' into Enter password, Herika clicks on Enter password]], When User selects the 'Marketplace' section to download a free template
| filterSearch |
| Themes | [Herika select options [Herika clicks on Click on the extensions option, Herika clicks on Click on the marketplace option]]
[Test worker] WARN net.thucydides.core.steps.BaseStepListener - stepStarted: net.thucydides.core.steps.ExecutedStepDescription@63e7ba5b
[Test worker] WARN net.thucydides.core.steps.BaseStepListener - stepFinished: current outcome:Verify that the marketplace section has free templates to download:Given User registered enters the opencart page
| userName | password |
| demo | demo | [Herika open cart [Herika opens the Page opencart, Herika clicks on Click on the username field, Herika enters 'demo' into Enter username, Herika clicks on Click on the password field, Herika enters 'demo' into Enter password, Herika clicks on Enter password]], When User selects the 'Marketplace' section to download a free template
| filterSearch |
| Themes | [Herika select options [Herika clicks on Click on the extensions option, Herika clicks on Click on the marketplace option, Herika clicks on Click on the search bar]]
[Test worker] WARN net.thucydides.core.steps.BaseStepListener - stepStarted: net.thucydides.core.steps.ExecutedStepDescription@172f7587
[Test worker] WARN net.thucydides.core.steps.BaseStepListener - stepFinished: current outcome:Verify that the marketplace section has free templates to download:Given User registered enters the opencart page
| userName | password |
| demo | demo | [Herika open cart [Herika opens the Page opencart, Herika clicks on Click on the username field, Herika enters 'demo' into Enter username, Herika clicks on Click on the password field, Herika enters 'demo' into Enter password, Herika clicks on Enter password]], When User selects the 'Marketplace' section to download a free template
| filterSearch |
| Themes | [Herika select options [Herika clicks on Click on the extensions option, Herika clicks on Click on the marketplace option, Herika clicks on Click on the search bar, Herika enters 'Themes' into Enter data to search]]
[Test worker] WARN net.thucydides.core.steps.BaseStepListener - stepStarted: net.thucydides.core.steps.ExecutedStepDescription@129293d7
[Test worker] WARN net.thucydides.core.steps.BaseStepListener - stepFinished: current outcome:Verify that the marketplace section has free templates to download:Given User registered enters the opencart page
| userName | password |
| demo | demo | [Herika open cart [Herika opens the Page opencart, Herika clicks on Click on the username field, Herika enters 'demo' into Enter username, Herika clicks on Click on the password field, Herika enters 'demo' into Enter password, Herika clicks on Enter password]], When User selects the 'Marketplace' section to download a free template
| filterSearch |
| Themes | [Herika select options [Herika clicks on Click on the extensions option, Herika clicks on Click on the marketplace option, Herika clicks on Click on the search bar, Herika enters 'Themes' into Enter data to search, Herika types 'ENTER' in Enter data to search]]
[Test worker] WARN net.thucydides.core.steps.BaseStepListener - stepStarted: net.thucydides.core.steps.ExecutedStepDescription@34a9736e
[Test worker] WARN net.thucydides.core.steps.BaseStepListener - stepFinished: current outcome:Verify that the marketplace section has free templates to download:Given User registered enters the opencart page
| userName | password |
| demo | demo | [Herika open cart [Herika opens the Page opencart, Herika clicks on Click on the username field, Herika enters 'demo' into Enter username, Herika clicks on Click on the password field, Herika enters 'demo' into Enter password, Herika clicks on Enter password]], When User selects the 'Marketplace' section to download a free template
| filterSearch |
| Themes | [Herika select options [Herika clicks on Click on the extensions option, Herika clicks on Click on the marketplace option, Herika clicks on Click on the search bar, Herika enters 'Themes' into Enter data to search, Herika types 'ENTER' in Enter data to search, Herika clicks on Click on categories button]]
[Test worker] WARN net.thucydides.core.steps.BaseStepListener - stepStarted: net.thucydides.core.steps.ExecutedStepDescription@2c88dd8
[Test worker] WARN net.thucydides.core.steps.BaseStepListener - stepFinished: current outcome:Verify that the marketplace section has free templates to download:Given User registered enters the opencart page
| userName | password |
| demo | demo | [Herika open cart [Herika opens the Page opencart, Herika clicks on Click on the username field, Herika enters 'demo' into Enter username, Herika clicks on Click on the password field, Herika enters 'demo' into Enter password, Herika clicks on Enter password]], When User selects the 'Marketplace' section to download a free template
| filterSearch |
| Themes | [Herika select options [Herika clicks on Click on the extensions option, Herika clicks on Click on the marketplace option, Herika clicks on Click on the search bar, Herika enters 'Themes' into Enter data to search, Herika types 'ENTER' in Enter data to search, Herika clicks on Click on categories button, Herika clicks on Click on the marketplace option]]
[Test worker] WARN net.thucydides.core.steps.BaseStepListener - stepStarted: net.thucydides.core.steps.ExecutedStepDescription@1df3a8e7
[Test worker] WARN net.thucydides.core.steps.BaseStepListener - stepFinished: current outcome:Verify that the marketplace section has free templates to download:Given User registered enters the opencart page
| userName | password |
| demo | demo | [Herika open cart [Herika opens the Page opencart, Herika clicks on Click on the username field, Herika enters 'demo' into Enter username, Herika clicks on Click on the password field, Herika enters 'demo' into Enter password, Herika clicks on Enter password]], When User selects the 'Marketplace' section to download a free template
| filterSearch |
| Themes | [Herika select options [Herika clicks on Click on the extensions option, Herika clicks on Click on the marketplace option, Herika clicks on Click on the search bar, Herika enters 'Themes' into Enter data to search, Herika types 'ENTER' in Enter data to search, Herika clicks on Click on categories button, Herika clicks on Click on the marketplace option, Herika clicks on Click on filter free option]]
[Test worker] WARN net.thucydides.core.steps.BaseStepListener - stepStarted: net.thucydides.core.steps.ExecutedStepDescription@6617fc66
[Test worker] WARN net.thucydides.core.steps.BaseStepListener - stepFinished: current outcome:Verify that the marketplace section has free templates to download:Given User registered enters the opencart page
| userName | password |
| demo | demo | [Herika open cart [Herika opens the Page opencart, Herika clicks on Click on the username field, Herika enters 'demo' into Enter username, Herika clicks on Click on the password field, Herika enters 'demo' into Enter password, Herika clicks on Enter password]], When User selects the 'Marketplace' section to download a free template
| filterSearch |
| Themes | [Herika select options [Herika clicks on Click on the extensions option, Herika clicks on Click on the marketplace option, Herika clicks on Click on the search bar, Herika enters 'Themes' into Enter data to search, Herika types 'ENTER' in Enter data to search, Herika clicks on Click on categories button, Herika clicks on Click on the marketplace option, Herika clicks on Click on filter free option, Herika clicks on Click on extension preview]]
[Test worker] WARN net.thucydides.core.steps.BaseStepListener - stepStarted: net.thucydides.core.steps.ExecutedStepDescription@430bfbe8
[Test worker] WARN net.thucydides.core.steps.BaseStepListener - stepFinished: current outcome:Verify that the marketplace section has free templates to download:Given User registered enters the opencart page
| userName | password |
| demo | demo | [Herika open cart [Herika opens the Page opencart, Herika clicks on Click on the username field, Herika enters 'demo' into Enter username, Herika clicks on Click on the password field, Herika enters 'demo' into Enter password, Herika clicks on Enter password]], When User selects the 'Marketplace' section to download a free template
| filterSearch |
| Themes | [Herika select options [Herika clicks on Click on the extensions option, Herika clicks on Click on the marketplace option, Herika clicks on Click on the search bar, Herika enters 'Themes' into Enter data to search, Herika types 'ENTER' in Enter data to search, Herika clicks on Click on categories button, Herika clicks on Click on the marketplace option, Herika clicks on Click on filter free option, Herika clicks on Click on extension preview, Herika clicks on Click on Download option]]
[Test worker] WARN net.thucydides.core.steps.BaseStepListener - stepFinished: current outcome:Verify that the marketplace section has free templates to download:Given User registered enters the opencart page
| userName | password |
| demo | demo | [Herika open cart [Herika opens the Page opencart, Herika clicks on Click on the username field, Herika enters 'demo' into Enter username, Herika clicks on Click on the password field, Herika enters 'demo' into Enter password, Herika clicks on Enter password]], When User selects the 'Marketplace' section to download a free template
| filterSearch |
| Themes | [Herika select options [Herika clicks on Click on the extensions option, Herika clicks on Click on the marketplace option, Herika clicks on Click on the search bar, Herika enters 'Themes' into Enter data to search, Herika types 'ENTER' in Enter data to search, Herika clicks on Click on categories button, Herika clicks on Click on the marketplace option, Herika clicks on Click on filter free option, Herika clicks on Click on extension preview, Herika clicks on Click on Download option]]
[Test worker] WARN net.thucydides.core.steps.BaseStepListener - stepFinished: current outcome:Verify that the marketplace section has free templates to download:Given User registered enters the opencart page
| userName | password |
| demo | demo | [Herika open cart [Herika opens the Page opencart, Herika clicks on Click on the username field, Herika enters 'demo' into Enter username, Herika clicks on Click on the password field, Herika enters 'demo' into Enter password, Herika clicks on Enter password]], When User selects the 'Marketplace' section to download a free template
| filterSearch |
| Themes | [Herika select options [Herika clicks on Click on the extensions option, Herika clicks on Click on the marketplace option, Herika clicks on Click on the search bar, Herika enters 'Themes' into Enter data to search, Herika types 'ENTER' in Enter data to search, Herika clicks on Click on categories button, Herika clicks on Click on the marketplace option, Herika clicks on Click on filter free option, Herika clicks on Click on extension preview, Herika clicks on Click on Download option]]
[Test worker] WARN net.thucydides.core.steps.BaseStepListener - stepStarted: net.thucydides.core.steps.ExecutedStepDescription@75a2f163
[Test worker] WARN net.thucydides.core.steps.BaseStepListener - stepStarted: net.thucydides.core.steps.ExecutedStepDescription@2f557cb9
[Test worker] WARN net.thucydides.core.steps.BaseStepListener - stepFinished: current outcome:Verify that the marketplace section has free templates to download:Given User registered enters the opencart page
| userName | password |
| demo | demo | [Herika open cart [Herika opens the Page opencart, Herika clicks on Click on the username field, Herika enters 'demo' into Enter username, Herika clicks on Click on the password field, Herika enters 'demo' into Enter password, Herika clicks on Enter password]], When User selects the 'Marketplace' section to download a free template
| filterSearch |
| Themes | [Herika select options [Herika clicks on Click on the extensions option, Herika clicks on Click on the marketplace option, Herika clicks on Click on the search bar, Herika enters 'Themes' into Enter data to search, Herika types 'ENTER' in Enter data to search, Herika clicks on Click on categories button, Herika clicks on Click on the marketplace option, Herika clicks on Click on filter free option, Herika clicks on Click on extension preview, Herika clicks on Click on Download option]], Then User verifies the results obtained to download the template
| correctScenario |
| Available Installs | [Then result opencart]
[Test worker] WARN net.thucydides.core.steps.BaseStepListener - stepFinished: current outcome:Verify that the marketplace section has free templates to download:Given User registered enters the opencart page
| userName | password |
| demo | demo | [Herika open cart [Herika opens the Page opencart, Herika clicks on Click on the username field, Herika enters 'demo' into Enter username, Herika clicks on Click on the password field, Herika enters 'demo' into Enter password, Herika clicks on Enter password]], When User selects the 'Marketplace' section to download a free template
| filterSearch |
| Themes | [Herika select options [Herika clicks on Click on the extensions option, Herika clicks on Click on the marketplace option, Herika clicks on Click on the search bar, Herika enters 'Themes' into Enter data to search, Herika types 'ENTER' in Enter data to search, Herika clicks on Click on categories button, Herika clicks on Click on the marketplace option, Herika clicks on Click on filter free option, Herika clicks on Click on extension preview, Herika clicks on Click on Download option]], Then User verifies the results obtained to download the template
| correctScenario |
| Available Installs | [Then result opencart]
[Test worker] WARN net.thucydides.core.steps.BaseStepListener - testFinished: Verify that the marketplace section has free templates to download:Given User registered enters the opencart page
| userName | password |
| demo | demo | [Herika open cart [Herika opens the Page opencart, Herika clicks on Click on the username field, Herika enters 'demo' into Enter username, Herika clicks on Click on the password field, Herika enters 'demo' into Enter password, Herika clicks on Enter password]], When User selects the 'Marketplace' section to download a free template
| filterSearch |
| Themes | [Herika select options [Herika clicks on Click on the extensions option, Herika clicks on Click on the marketplace option, Herika clicks on Click on the search bar, Herika enters 'Themes' into Enter data to search, Herika types 'ENTER' in Enter data to search, Herika clicks on Click on categories button, Herika clicks on Click on the marketplace option, Herika clicks on Click on filter free option, Herika clicks on Click on extension preview, Herika clicks on Click on Download option]], Then User verifies the results obtained to download the template
| correctScenario |
| Available Installs | [Then result opencart]
[Test worker] WARN net.thucydides.core.steps.BaseStepListener - TestOutcomes: [Verify that the marketplace section has free templates to download:Given User registered enters the opencart page
| userName | password |
| demo | demo | [Herika open cart [Herika opens the Page opencart, Herika clicks on Click on the username field, Herika enters 'demo' into Enter username, Herika clicks on Click on the password field, Herika enters 'demo' into Enter password, Herika clicks on Enter password]], When User selects the 'Marketplace' section to download a free template
| filterSearch |
| Themes | [Herika select options [Herika clicks on Click on the extensions option, Herika clicks on Click on the marketplace option, Herika clicks on Click on the search bar, Herika enters 'Themes' into Enter data to search, Herika types 'ENTER' in Enter data to search, Herika clicks on Click on categories button, Herika clicks on Click on the marketplace option, Herika clicks on Click on filter free option, Herika clicks on Click on extension preview, Herika clicks on Click on Download option]], Then User verifies the results obtained to download the template
| correctScenario |
| Available Installs | [Then result opencart]]
[Test worker] WARN net.thucydides.core.steps.BaseStepListener - Final testOutcomes: [Verify that the marketplace section has free templates to download:Given User registered enters the opencart page
| userName | password |
| demo | demo | [Herika open cart [Herika opens the Page opencart, Herika clicks on Click on the username field, Herika enters 'demo' into Enter username, Herika clicks on Click on the password field, Herika enters 'demo' into Enter password, Herika clicks on Enter password]], When User selects the 'Marketplace' section to download a free template
| filterSearch |
| Themes | [Herika select options [Herika clicks on Click on the extensions option, Herika clicks on Click on the marketplace option, Herika clicks on Click on the search bar, Herika enters 'Themes' into Enter data to search, Herika types 'ENTER' in Enter data to search, Herika clicks on Click on categories button, Herika clicks on Click on the marketplace option, Herika clicks on Click on filter free option, Herika clicks on Click on extension preview, Herika clicks on Click on Download option]], Then User verifies the results obtained to download the template
| correctScenario |
| Available Installs | [Then result opencart]]
[Test worker] INFO net.thucydides.core.steps.ConsoleLoggingListener - ?[92m
        __    _____ _____ ____ _____   ____   _    ____  ____  _____ ____  
  _     \ \  |_   _| ____/ ___|_   _| |  _ \ / \  / ___|/ ___|| ____|  _ \ 
 (_)_____| |   | | |  _| \___ \ | |   | |_) / _ \ \___ \\___ \|  _| | | | |
  _|_____| |   | | | |___ ___) || |   |  __/ ___ \ ___) |___) | |___| |_| |
 (_)     | |   |_| |_____|____/ |_|   |_| /_/   \_\____/|____/|_____|____/ 
        /_/                                                                

TEST PASSED: Verify that the marketplace section has free templates to download
----------------------------------------------------------------------------?[0m
[Test worker] WARN net.thucydides.core.steps.BaseStepListener - stepStarted: net.thucydides.core.steps.ExecutedStepDescription@7fc55db6
[Test worker] WARN net.thucydides.core.steps.BaseStepListener - stepStarted: net.thucydides.core.steps.ExecutedStepDescription@4478bc1f
[Test worker] WARN net.thucydides.core.steps.BaseStepListener - stepStarted: net.thucydides.core.steps.ExecutedStepDescription@554c9cfa
may 04, 2022 2:33:50 PM org.openqa.selenium.remote.DesiredCapabilities chrome
INFORMACIÓN: Using `new ChromeOptions()` is preferred to `DesiredCapabilities.chrome()`
[Test worker] INFO net.serenitybdd.core.webdriver.driverproviders.ProvideNewDriver - Instantiating driver
[Test worker] INFO net.serenitybdd.core.webdriver.driverproviders.ProvideNewDriver - Driver capabilities: Capabilities {acceptInsecureCerts: false, browserName: chrome, chrome.switches: --start-maximized, goog:chromeOptions: {args: [--start-maximized], extensions: []}, loggingPrefs: org.openqa.selenium.logging..., platform: ANY, version: }
Starting ChromeDriver 100.0.4896.60 (6a5d10861ce8de5fce22564658033b43cb7de047-refs/branch-heads/4896@{#875}) on port 24150
Only local connections are allowed.
Please see https://chromedriver.chromium.org/security-considerations for suggestions on keeping ChromeDriver safe.
ChromeDriver was started successfully.
may 04, 2022 2:33:51 PM org.openqa.selenium.remote.ProtocolHandshake createSession
INFORMACIÓN: Detected dialect: W3C
[Test worker] WARN net.thucydides.core.steps.BaseStepListener - stepFinished: current outcome:Verify the failed purchase of a laptop on the YourStore page:Given User registered enters the opencart page in the section your store
| userName | password |
| demo | admin | [Herika open cart [Herika opens the Page opencart]]
[Test worker] WARN net.thucydides.core.steps.BaseStepListener - stepStarted: net.thucydides.core.steps.ExecutedStepDescription@2b47c533
[Test worker] WARN net.thucydides.core.steps.BaseStepListener - stepFinished: current outcome:Verify the failed purchase of a laptop on the YourStore page:Given User registered enters the opencart page in the section your store
| userName | password |
| demo | admin | [Herika open cart [Herika opens the Page opencart, Herika clicks on Click on the username field]]
[Test worker] WARN net.thucydides.core.steps.BaseStepListener - stepStarted: net.thucydides.core.steps.ExecutedStepDescription@7900631e
[Test worker] WARN net.thucydides.core.steps.BaseStepListener - stepFinished: current outcome:Verify the failed purchase of a laptop on the YourStore page:Given User registered enters the opencart page in the section your store
| userName | password |
| demo | admin | [Herika open cart [Herika opens the Page opencart, Herika clicks on Click on the username field, Herika enters 'demo' into Enter username]]
[Test worker] WARN net.thucydides.core.steps.BaseStepListener - stepStarted: net.thucydides.core.steps.ExecutedStepDescription@4dcf1cc2
[Test worker] WARN net.thucydides.core.steps.BaseStepListener - stepFinished: current outcome:Verify the failed purchase of a laptop on the YourStore page:Given User registered enters the opencart page in the section your store
| userName | password |
| demo | admin | [Herika open cart [Herika opens the Page opencart, Herika clicks on Click on the username field, Herika enters 'demo' into Enter username, Herika clicks on Click on the password field]]
[Test worker] WARN net.thucydides.core.steps.BaseStepListener - stepStarted: net.thucydides.core.steps.ExecutedStepDescription@439484b2
[Test worker] WARN net.thucydides.core.steps.BaseStepListener - stepFinished: current outcome:Verify the failed purchase of a laptop on the YourStore page:Given User registered enters the opencart page in the section your store
| userName | password |
| demo | admin | [Herika open cart [Herika opens the Page opencart, Herika clicks on Click on the username field, Herika enters 'demo' into Enter username, Herika clicks on Click on the password field, Herika enters 'admin' into Enter password]]
[Test worker] WARN net.thucydides.core.steps.BaseStepListener - stepStarted: net.thucydides.core.steps.ExecutedStepDescription@1583be32
[Test worker] WARN net.thucydides.core.steps.BaseStepListener - stepFinished: current outcome:Verify the failed purchase of a laptop on the YourStore page:Given User registered enters the opencart page in the section your store
| userName | password |
| demo | admin | [Herika open cart [Herika opens the Page opencart, Herika clicks on Click on the username field, Herika enters 'demo' into Enter username, Herika clicks on Click on the password field, Herika enters 'admin' into Enter password, Herika clicks on Enter password]]
[Test worker] WARN net.thucydides.core.steps.BaseStepListener - stepFinished: current outcome:Verify the failed purchase of a laptop on the YourStore page:Given User registered enters the opencart page in the section your store
| userName | password |
| demo | admin | [Herika open cart [Herika opens the Page opencart, Herika clicks on Click on the username field, Herika enters 'demo' into Enter username, Herika clicks on Click on the password field, Herika enters 'admin' into Enter password, Herika clicks on Enter password]]
[Test worker] WARN net.thucydides.core.steps.BaseStepListener - stepFinished: current outcome:Verify the failed purchase of a laptop on the YourStore page:Given User registered enters the opencart page in the section your store
| userName | password |
| demo | admin | [Herika open cart [Herika opens the Page opencart, Herika clicks on Click on the username field, Herika enters 'demo' into Enter username, Herika clicks on Click on the password field, Herika enters 'admin' into Enter password, Herika clicks on Enter password]]
[Test worker] WARN net.thucydides.core.steps.BaseStepListener - stepStarted: net.thucydides.core.steps.ExecutedStepDescription@57844759
[Test worker] WARN net.thucydides.core.steps.BaseStepListener - stepStarted: net.thucydides.core.steps.ExecutedStepDescription@45860c78
[Test worker] WARN net.thucydides.core.steps.BaseStepListener - stepStarted: net.thucydides.core.steps.ExecutedStepDescription@6fb8b1ed
[Test worker] WARN net.thucydides.core.steps.BaseStepListener - stepFinished: current outcome:Verify the failed purchase of a laptop on the YourStore page:Given User registered enters the opencart page in the section your store
| userName | password |
| demo | admin | [Herika open cart [Herika opens the Page opencart, Herika clicks on Click on the username field, Herika enters 'demo' into Enter username, Herika clicks on Click on the password field, Herika enters 'admin' into Enter password, Herika clicks on Enter password]], When User looking for a laptop to buy
| searchBox | writeNumber |
| Mac | 2 | [Herika search products [Herika clicks on Click on user profile]]
[Test worker] WARN net.thucydides.core.steps.BaseStepListener - stepStarted: net.thucydides.core.steps.ExecutedStepDescription@2c771fa0
[Test worker] WARN net.thucydides.core.steps.BaseStepListener - stepFinished: current outcome:Verify the failed purchase of a laptop on the YourStore page:Given User registered enters the opencart page in the section your store
| userName | password |
| demo | admin | [Herika open cart [Herika opens the Page opencart, Herika clicks on Click on the username field, Herika enters 'demo' into Enter username, Herika clicks on Click on the password field, Herika enters 'admin' into Enter password, Herika clicks on Enter password]], When User looking for a laptop to buy
| searchBox | writeNumber |
| Mac | 2 | [Herika search products [Herika clicks on Click on user profile, Herika clicks on Select the option your store]]
[Test worker] WARN net.thucydides.core.steps.BaseStepListener - stepStarted: net.thucydides.core.steps.ExecutedStepDescription@6734f043
[Test worker] WARN net.thucydides.core.steps.BaseStepListener - stepFinished: current outcome:Verify the failed purchase of a laptop on the YourStore page:Given User registered enters the opencart page in the section your store
| userName | password |
| demo | admin | [Herika open cart [Herika opens the Page opencart, Herika clicks on Click on the username field, Herika enters 'demo' into Enter username, Herika clicks on Click on the password field, Herika enters 'admin' into Enter password, Herika clicks on Enter password]], When User looking for a laptop to buy
| searchBox | writeNumber |
| Mac | 2 | [Herika search products [Herika clicks on Click on user profile, Herika clicks on Select the option your store, Herika clicks on Click on search box and enter text]]
[Test worker] WARN net.thucydides.core.steps.BaseStepListener - stepStarted: net.thucydides.core.steps.ExecutedStepDescription@6ba76407
[Test worker] WARN net.thucydides.core.steps.BaseStepListener - stepFinished: current outcome:Verify the failed purchase of a laptop on the YourStore page:Given User registered enters the opencart page in the section your store
| userName | password |
| demo | admin | [Herika open cart [Herika opens the Page opencart, Herika clicks on Click on the username field, Herika enters 'demo' into Enter username, Herika clicks on Click on the password field, Herika enters 'admin' into Enter password, Herika clicks on Enter password]], When User looking for a laptop to buy
| searchBox | writeNumber |
| Mac | 2 | [Herika search products [Herika clicks on Click on user profile, Herika clicks on Select the option your store, Herika clicks on Click on search box and enter text, Herika enters 'Mac' into Click on search box and enter text]]
[Test worker] WARN net.thucydides.core.steps.BaseStepListener - stepStarted: net.thucydides.core.steps.ExecutedStepDescription@534a504a
[Test worker] WARN net.thucydides.core.steps.BaseStepListener - stepFinished: current outcome:Verify the failed purchase of a laptop on the YourStore page:Given User registered enters the opencart page in the section your store
| userName | password |
| demo | admin | [Herika open cart [Herika opens the Page opencart, Herika clicks on Click on the username field, Herika enters 'demo' into Enter username, Herika clicks on Click on the password field, Herika enters 'admin' into Enter password, Herika clicks on Enter password]], When User looking for a laptop to buy
| searchBox | writeNumber |
| Mac | 2 | [Herika search products [Herika clicks on Click on user profile, Herika clicks on Select the option your store, Herika clicks on Click on search box and enter text, Herika enters 'Mac' into Click on search box and enter text, Herika clicks on Click on button search ]]
[Test worker] WARN net.thucydides.core.steps.BaseStepListener - stepStarted: net.thucydides.core.steps.ExecutedStepDescription@2d8085eb
[Test worker] WARN net.thucydides.core.steps.BaseStepListener - stepFinished: current outcome:Verify the failed purchase of a laptop on the YourStore page:Given User registered enters the opencart page in the section your store
| userName | password |
| demo | admin | [Herika open cart [Herika opens the Page opencart, Herika clicks on Click on the username field, Herika enters 'demo' into Enter username, Herika clicks on Click on the password field, Herika enters 'admin' into Enter password, Herika clicks on Enter password]], When User looking for a laptop to buy
| searchBox | writeNumber |
| Mac | 2 | [Herika search products [Herika clicks on Click on user profile, Herika clicks on Select the option your store, Herika clicks on Click on search box and enter text, Herika enters 'Mac' into Click on search box and enter text, Herika clicks on Click on button search , Herika clicks on Select the product of your choice]]
[Test worker] WARN net.thucydides.core.steps.BaseStepListener - stepStarted: net.thucydides.core.steps.ExecutedStepDescription@711b1517
[Test worker] WARN net.thucydides.core.steps.BaseStepListener - stepFinished: current outcome:Verify the failed purchase of a laptop on the YourStore page:Given User registered enters the opencart page in the section your store
| userName | password |
| demo | admin | [Herika open cart [Herika opens the Page opencart, Herika clicks on Click on the username field, Herika enters 'demo' into Enter username, Herika clicks on Click on the password field, Herika enters 'admin' into Enter password, Herika clicks on Enter password]], When User looking for a laptop to buy
| searchBox | writeNumber |
| Mac | 2 | [Herika search products [Herika clicks on Click on user profile, Herika clicks on Select the option your store, Herika clicks on Click on search box and enter text, Herika enters 'Mac' into Click on search box and enter text, Herika clicks on Click on button search , Herika clicks on Select the product of your choice, Herika clicks on Click on the input enter units]]
[Test worker] WARN net.thucydides.core.steps.BaseStepListener - stepStarted: net.thucydides.core.steps.ExecutedStepDescription@18fcdc52
[Test worker] WARN net.thucydides.core.steps.BaseStepListener - stepFinished: current outcome:Verify the failed purchase of a laptop on the YourStore page:Given User registered enters the opencart page in the section your store
| userName | password |
| demo | admin | [Herika open cart [Herika opens the Page opencart, Herika clicks on Click on the username field, Herika enters 'demo' into Enter username, Herika clicks on Click on the password field, Herika enters 'admin' into Enter password, Herika clicks on Enter password]], When User looking for a laptop to buy
| searchBox | writeNumber |
| Mac | 2 | [Herika search products [Herika clicks on Click on user profile, Herika clicks on Select the option your store, Herika clicks on Click on search box and enter text, Herika enters 'Mac' into Click on search box and enter text, Herika clicks on Click on button search , Herika clicks on Select the product of your choice, Herika clicks on Click on the input enter units, Herika enters '2' into Click on the input enter units]]
[Test worker] WARN net.thucydides.core.steps.BaseStepListener - stepStarted: net.thucydides.core.steps.ExecutedStepDescription@1830d980
[Test worker] WARN net.thucydides.core.steps.BaseStepListener - stepFinished: current outcome:Verify the failed purchase of a laptop on the YourStore page:Given User registered enters the opencart page in the section your store
| userName | password |
| demo | admin | [Herika open cart [Herika opens the Page opencart, Herika clicks on Click on the username field, Herika enters 'demo' into Enter username, Herika clicks on Click on the password field, Herika enters 'admin' into Enter password, Herika clicks on Enter password]], When User looking for a laptop to buy
| searchBox | writeNumber |
| Mac | 2 | [Herika search products [Herika clicks on Click on user profile, Herika clicks on Select the option your store, Herika clicks on Click on search box and enter text, Herika enters 'Mac' into Click on search box and enter text, Herika clicks on Click on button search , Herika clicks on Select the product of your choice, Herika clicks on Click on the input enter units, Herika enters '2' into Click on the input enter units, Herika clicks on Click on button Add to Cart]]
[Test worker] WARN net.thucydides.core.steps.BaseStepListener - stepStarted: net.thucydides.core.steps.ExecutedStepDescription@624492f8
[Test worker] WARN net.thucydides.core.steps.BaseStepListener - stepFinished: current outcome:Verify the failed purchase of a laptop on the YourStore page:Given User registered enters the opencart page in the section your store
| userName | password |
| demo | admin | [Herika open cart [Herika opens the Page opencart, Herika clicks on Click on the username field, Herika enters 'demo' into Enter username, Herika clicks on Click on the password field, Herika enters 'admin' into Enter password, Herika clicks on Enter password]], When User looking for a laptop to buy
| searchBox | writeNumber |
| Mac | 2 | [Herika search products [Herika clicks on Click on user profile, Herika clicks on Select the option your store, Herika clicks on Click on search box and enter text, Herika enters 'Mac' into Click on search box and enter text, Herika clicks on Click on button search , Herika clicks on Select the product of your choice, Herika clicks on Click on the input enter units, Herika enters '2' into Click on the input enter units, Herika clicks on Click on button Add to Cart, Herika clicks on Click on button Items]]
[Test worker] WARN net.thucydides.core.steps.BaseStepListener - stepStarted: net.thucydides.core.steps.ExecutedStepDescription@489fc0c8
[Test worker] WARN net.thucydides.core.steps.BaseStepListener - stepFinished: current outcome:Verify the failed purchase of a laptop on the YourStore page:Given User registered enters the opencart page in the section your store
| userName | password |
| demo | admin | [Herika open cart [Herika opens the Page opencart, Herika clicks on Click on the username field, Herika enters 'demo' into Enter username, Herika clicks on Click on the password field, Herika enters 'admin' into Enter password, Herika clicks on Enter password]], When User looking for a laptop to buy
| searchBox | writeNumber |
| Mac | 2 | [Herika search products [Herika clicks on Click on user profile, Herika clicks on Select the option your store, Herika clicks on Click on search box and enter text, Herika enters 'Mac' into Click on search box and enter text, Herika clicks on Click on button search , Herika clicks on Select the product of your choice, Herika clicks on Click on the input enter units, Herika enters '2' into Click on the input enter units, Herika clicks on Click on button Add to Cart, Herika clicks on Click on button Items, Herika clicks on Select the option View Cart]]
[Test worker] WARN net.thucydides.core.steps.BaseStepListener - stepStarted: net.thucydides.core.steps.ExecutedStepDescription@34e63dff
[Test worker] WARN net.thucydides.core.steps.BaseStepListener - stepFinished: current outcome:Verify the failed purchase of a laptop on the YourStore page:Given User registered enters the opencart page in the section your store
| userName | password |
| demo | admin | [Herika open cart [Herika opens the Page opencart, Herika clicks on Click on the username field, Herika enters 'demo' into Enter username, Herika clicks on Click on the password field, Herika enters 'admin' into Enter password, Herika clicks on Enter password]], When User looking for a laptop to buy
| searchBox | writeNumber |
| Mac | 2 | [Herika search products [Herika clicks on Click on user profile, Herika clicks on Select the option your store, Herika clicks on Click on search box and enter text, Herika enters 'Mac' into Click on search box and enter text, Herika clicks on Click on button search , Herika clicks on Select the product of your choice, Herika clicks on Click on the input enter units, Herika enters '2' into Click on the input enter units, Herika clicks on Click on button Add to Cart, Herika clicks on Click on button Items, Herika clicks on Select the option View Cart, Herika clicks on Select button Checkout]]
[Test worker] WARN net.thucydides.core.steps.BaseStepListener - stepFinished: current outcome:Verify the failed purchase of a laptop on the YourStore page:Given User registered enters the opencart page in the section your store
| userName | password |
| demo | admin | [Herika open cart [Herika opens the Page opencart, Herika clicks on Click on the username field, Herika enters 'demo' into Enter username, Herika clicks on Click on the password field, Herika enters 'admin' into Enter password, Herika clicks on Enter password]], When User looking for a laptop to buy
| searchBox | writeNumber |
| Mac | 2 | [Herika search products [Herika clicks on Click on user profile, Herika clicks on Select the option your store, Herika clicks on Click on search box and enter text, Herika enters 'Mac' into Click on search box and enter text, Herika clicks on Click on button search , Herika clicks on Select the product of your choice, Herika clicks on Click on the input enter units, Herika enters '2' into Click on the input enter units, Herika clicks on Click on button Add to Cart, Herika clicks on Click on button Items, Herika clicks on Select the option View Cart, Herika clicks on Select button Checkout]]
[Test worker] WARN net.thucydides.core.steps.BaseStepListener - stepFinished: current outcome:Verify the failed purchase of a laptop on the YourStore page:Given User registered enters the opencart page in the section your store
| userName | password |
| demo | admin | [Herika open cart [Herika opens the Page opencart, Herika clicks on Click on the username field, Herika enters 'demo' into Enter username, Herika clicks on Click on the password field, Herika enters 'admin' into Enter password, Herika clicks on Enter password]], When User looking for a laptop to buy
| searchBox | writeNumber |
| Mac | 2 | [Herika search products [Herika clicks on Click on user profile, Herika clicks on Select the option your store, Herika clicks on Click on search box and enter text, Herika enters 'Mac' into Click on search box and enter text, Herika clicks on Click on button search , Herika clicks on Select the product of your choice, Herika clicks on Click on the input enter units, Herika enters '2' into Click on the input enter units, Herika clicks on Click on button Add to Cart, Herika clicks on Click on button Items, Herika clicks on Select the option View Cart, Herika clicks on Select button Checkout]]
[Test worker] WARN net.thucydides.core.steps.BaseStepListener - stepStarted: net.thucydides.core.steps.ExecutedStepDescription@3ff85373
[Test worker] WARN net.thucydides.core.steps.BaseStepListener - stepStarted: net.thucydides.core.steps.ExecutedStepDescription@7ab7985c
[Test worker] WARN net.thucydides.core.steps.BaseStepListener - stepFinished: current outcome:Verify the failed purchase of a laptop on the YourStore page:Given User registered enters the opencart page in the section your store
| userName | password |
| demo | admin | [Herika open cart [Herika opens the Page opencart, Herika clicks on Click on the username field, Herika enters 'demo' into Enter username, Herika clicks on Click on the password field, Herika enters 'admin' into Enter password, Herika clicks on Enter password]], When User looking for a laptop to buy
| searchBox | writeNumber |
| Mac | 2 | [Herika search products [Herika clicks on Click on user profile, Herika clicks on Select the option your store, Herika clicks on Click on search box and enter text, Herika enters 'Mac' into Click on search box and enter text, Herika clicks on Click on button search , Herika clicks on Select the product of your choice, Herika clicks on Click on the input enter units, Herika enters '2' into Click on the input enter units, Herika clicks on Click on button Add to Cart, Herika clicks on Click on button Items, Herika clicks on Select the option View Cart, Herika clicks on Select button Checkout]], Then User checks if the product was added to the shopping cart to finalize the purchase
| incompleteTest |
| Shopping Cart | [Then result yourstore]
[Test worker] WARN net.thucydides.core.steps.BaseStepListener - stepFinished: current outcome:Verify the failed purchase of a laptop on the YourStore page:Given User registered enters the opencart page in the section your store
| userName | password |
| demo | admin | [Herika open cart [Herika opens the Page opencart, Herika clicks on Click on the username field, Herika enters 'demo' into Enter username, Herika clicks on Click on the password field, Herika enters 'admin' into Enter password, Herika clicks on Enter password]], When User looking for a laptop to buy
| searchBox | writeNumber |
| Mac | 2 | [Herika search products [Herika clicks on Click on user profile, Herika clicks on Select the option your store, Herika clicks on Click on search box and enter text, Herika enters 'Mac' into Click on search box and enter text, Herika clicks on Click on button search , Herika clicks on Select the product of your choice, Herika clicks on Click on the input enter units, Herika enters '2' into Click on the input enter units, Herika clicks on Click on button Add to Cart, Herika clicks on Click on button Items, Herika clicks on Select the option View Cart, Herika clicks on Select button Checkout]], Then User checks if the product was added to the shopping cart to finalize the purchase
| incompleteTest |
| Shopping Cart | [Then result yourstore]
[Test worker] WARN net.thucydides.core.steps.BaseStepListener - testFinished: Verify the failed purchase of a laptop on the YourStore page:Given User registered enters the opencart page in the section your store
| userName | password |
| demo | admin | [Herika open cart [Herika opens the Page opencart, Herika clicks on Click on the username field, Herika enters 'demo' into Enter username, Herika clicks on Click on the password field, Herika enters 'admin' into Enter password, Herika clicks on Enter password]], When User looking for a laptop to buy
| searchBox | writeNumber |
| Mac | 2 | [Herika search products [Herika clicks on Click on user profile, Herika clicks on Select the option your store, Herika clicks on Click on search box and enter text, Herika enters 'Mac' into Click on search box and enter text, Herika clicks on Click on button search , Herika clicks on Select the product of your choice, Herika clicks on Click on the input enter units, Herika enters '2' into Click on the input enter units, Herika clicks on Click on button Add to Cart, Herika clicks on Click on button Items, Herika clicks on Select the option View Cart, Herika clicks on Select button Checkout]], Then User checks if the product was added to the shopping cart to finalize the purchase
| incompleteTest |
| Shopping Cart | [Then result yourstore]
[Test worker] WARN net.thucydides.core.steps.BaseStepListener - TestOutcomes: [Verify that the marketplace section has free templates to download:Given User registered enters the opencart page
| userName | password |
| demo | demo | [Herika open cart [Herika opens the Page opencart, Herika clicks on Click on the username field, Herika enters 'demo' into Enter username, Herika clicks on Click on the password field, Herika enters 'demo' into Enter password, Herika clicks on Enter password]], When User selects the 'Marketplace' section to download a free template
| filterSearch |
| Themes | [Herika select options [Herika clicks on Click on the extensions option, Herika clicks on Click on the marketplace option, Herika clicks on Click on the search bar, Herika enters 'Themes' into Enter data to search, Herika types 'ENTER' in Enter data to search, Herika clicks on Click on categories button, Herika clicks on Click on the marketplace option, Herika clicks on Click on filter free option, Herika clicks on Click on extension preview, Herika clicks on Click on Download option]], Then User verifies the results obtained to download the template
| correctScenario |
| Available Installs | [Then result opencart], Verify the failed purchase of a laptop on the YourStore page:Given User registered enters the opencart page in the section your store
| userName | password |
| demo | admin | [Herika open cart [Herika opens the Page opencart, Herika clicks on Click on the username field, Herika enters 'demo' into Enter username, Herika clicks on Click on the password field, Herika enters 'admin' into Enter password, Herika clicks on Enter password]], When User looking for a laptop to buy
| searchBox | writeNumber |
| Mac | 2 | [Herika search products [Herika clicks on Click on user profile, Herika clicks on Select the option your store, Herika clicks on Click on search box and enter text, Herika enters 'Mac' into Click on search box and enter text, Herika clicks on Click on button search , Herika clicks on Select the product of your choice, Herika clicks on Click on the input enter units, Herika enters '2' into Click on the input enter units, Herika clicks on Click on button Add to Cart, Herika clicks on Click on button Items, Herika clicks on Select the option View Cart, Herika clicks on Select button Checkout]], Then User checks if the product was added to the shopping cart to finalize the purchase
| incompleteTest |
| Shopping Cart | [Then result yourstore]]
[Test worker] WARN net.thucydides.core.steps.BaseStepListener - Final testOutcomes: [Verify that the marketplace section has free templates to download:Given User registered enters the opencart page
| userName | password |
| demo | demo | [Herika open cart [Herika opens the Page opencart, Herika clicks on Click on the username field, Herika enters 'demo' into Enter username, Herika clicks on Click on the password field, Herika enters 'demo' into Enter password, Herika clicks on Enter password]], When User selects the 'Marketplace' section to download a free template
| filterSearch |
| Themes | [Herika select options [Herika clicks on Click on the extensions option, Herika clicks on Click on the marketplace option, Herika clicks on Click on the search bar, Herika enters 'Themes' into Enter data to search, Herika types 'ENTER' in Enter data to search, Herika clicks on Click on categories button, Herika clicks on Click on the marketplace option, Herika clicks on Click on filter free option, Herika clicks on Click on extension preview, Herika clicks on Click on Download option]], Then User verifies the results obtained to download the template
| correctScenario |
| Available Installs | [Then result opencart], Verify the failed purchase of a laptop on the YourStore page:Given User registered enters the opencart page in the section your store
| userName | password |
| demo | admin | [Herika open cart [Herika opens the Page opencart, Herika clicks on Click on the username field, Herika enters 'demo' into Enter username, Herika clicks on Click on the password field, Herika enters 'admin' into Enter password, Herika clicks on Enter password]], When User looking for a laptop to buy
| searchBox | writeNumber |
| Mac | 2 | [Herika search products [Herika clicks on Click on user profile, Herika clicks on Select the option your store, Herika clicks on Click on search box and enter text, Herika enters 'Mac' into Click on search box and enter text, Herika clicks on Click on button search , Herika clicks on Select the product of your choice, Herika clicks on Click on the input enter units, Herika enters '2' into Click on the input enter units, Herika clicks on Click on button Add to Cart, Herika clicks on Click on button Items, Herika clicks on Select the option View Cart, Herika clicks on Select button Checkout]], Then User checks if the product was added to the shopping cart to finalize the purchase
| incompleteTest |
| Shopping Cart | [Then result yourstore]]
[Test worker] INFO net.thucydides.core.steps.ConsoleLoggingListener - ?[92m
        __    _____ _____ ____ _____   ____   _    ____  ____  _____ ____  
  _     \ \  |_   _| ____/ ___|_   _| |  _ \ / \  / ___|/ ___|| ____|  _ \ 
 (_)_____| |   | | |  _| \___ \ | |   | |_) / _ \ \___ \\___ \|  _| | | | |
  _|_____| |   | | | |___ ___) || |   |  __/ ___ \ ___) |___) | |___| |_| |
 (_)     | |   |_| |_____|____/ |_|   |_| /_/   \_\____/|____/|_____|____/ 
        /_/                                                                

TEST PASSED: Verify the failed purchase of a laptop on the YourStore page
----------------------------------------------------------------------------?[0m
[Test worker] WARN net.thucydides.core.steps.BaseStepListener - stepStarted: net.thucydides.core.steps.ExecutedStepDescription@69c51977
[Test worker] WARN net.thucydides.core.steps.BaseStepListener - stepStarted: net.thucydides.core.steps.ExecutedStepDescription@380a6f4c
[Test worker] WARN net.thucydides.core.steps.BaseStepListener - stepStarted: net.thucydides.core.steps.ExecutedStepDescription@5d545d4
may 04, 2022 2:34:05 PM org.openqa.selenium.remote.DesiredCapabilities chrome
INFORMACIÓN: Using `new ChromeOptions()` is preferred to `DesiredCapabilities.chrome()`
[Test worker] INFO net.serenitybdd.core.webdriver.driverproviders.ProvideNewDriver - Instantiating driver
[Test worker] INFO net.serenitybdd.core.webdriver.driverproviders.ProvideNewDriver - Driver capabilities: Capabilities {acceptInsecureCerts: false, browserName: chrome, chrome.switches: --start-maximized, goog:chromeOptions: {args: [--start-maximized], extensions: []}, loggingPrefs: org.openqa.selenium.logging..., platform: ANY, version: }
Starting ChromeDriver 100.0.4896.60 (6a5d10861ce8de5fce22564658033b43cb7de047-refs/branch-heads/4896@{#875}) on port 8730
Only local connections are allowed.
Please see https://chromedriver.chromium.org/security-considerations for suggestions on keeping ChromeDriver safe.
ChromeDriver was started successfully.
may 04, 2022 2:34:06 PM org.openqa.selenium.remote.ProtocolHandshake createSession
INFORMACIÓN: Detected dialect: W3C
[Test worker] WARN net.thucydides.core.steps.BaseStepListener - stepFinished: current outcome:Verify that the results of the products section are according to the selected filter:Given User registered log in opencart page
| userName | password |
| admin | admin | [Herika open cart [Herika opens the Page opencart]]
[Test worker] WARN net.thucydides.core.steps.BaseStepListener - stepStarted: net.thucydides.core.steps.ExecutedStepDescription@2cb387c9
[Test worker] WARN net.thucydides.core.steps.BaseStepListener - stepFinished: current outcome:Verify that the results of the products section are according to the selected filter:Given User registered log in opencart page
| userName | password |
| admin | admin | [Herika open cart [Herika opens the Page opencart, Herika clicks on Click on the username field]]
[Test worker] WARN net.thucydides.core.steps.BaseStepListener - stepStarted: net.thucydides.core.steps.ExecutedStepDescription@6b5fde88
[Test worker] WARN net.thucydides.core.steps.BaseStepListener - stepFinished: current outcome:Verify that the results of the products section are according to the selected filter:Given User registered log in opencart page
| userName | password |
| admin | admin | [Herika open cart [Herika opens the Page opencart, Herika clicks on Click on the username field, Herika enters 'admin' into Enter username]]
[Test worker] WARN net.thucydides.core.steps.BaseStepListener - stepStarted: net.thucydides.core.steps.ExecutedStepDescription@73f603cc
[Test worker] WARN net.thucydides.core.steps.BaseStepListener - stepFinished: current outcome:Verify that the results of the products section are according to the selected filter:Given User registered log in opencart page
| userName | password |
| admin | admin | [Herika open cart [Herika opens the Page opencart, Herika clicks on Click on the username field, Herika enters 'admin' into Enter username, Herika clicks on Click on the password field]]
[Test worker] WARN net.thucydides.core.steps.BaseStepListener - stepStarted: net.thucydides.core.steps.ExecutedStepDescription@7e0d4612
[Test worker] WARN net.thucydides.core.steps.BaseStepListener - stepFinished: current outcome:Verify that the results of the products section are according to the selected filter:Given User registered log in opencart page
| userName | password |
| admin | admin | [Herika open cart [Herika opens the Page opencart, Herika clicks on Click on the username field, Herika enters 'admin' into Enter username, Herika clicks on Click on the password field, Herika enters 'admin' into Enter password]]
[Test worker] WARN net.thucydides.core.steps.BaseStepListener - stepStarted: net.thucydides.core.steps.ExecutedStepDescription@2ef279ab
[Test worker] WARN net.thucydides.core.steps.BaseStepListener - stepFinished: current outcome:Verify that the results of the products section are according to the selected filter:Given User registered log in opencart page
| userName | password |
| admin | admin | [Herika open cart [Herika opens the Page opencart, Herika clicks on Click on the username field, Herika enters 'admin' into Enter username, Herika clicks on Click on the password field, Herika enters 'admin' into Enter password, Herika clicks on Enter password]]
[Test worker] WARN net.thucydides.core.steps.BaseStepListener - stepFinished: current outcome:Verify that the results of the products section are according to the selected filter:Given User registered log in opencart page
| userName | password |
| admin | admin | [Herika open cart [Herika opens the Page opencart, Herika clicks on Click on the username field, Herika enters 'admin' into Enter username, Herika clicks on Click on the password field, Herika enters 'admin' into Enter password, Herika clicks on Enter password]]
[Test worker] WARN net.thucydides.core.steps.BaseStepListener - stepFinished: current outcome:Verify that the results of the products section are according to the selected filter:Given User registered log in opencart page
| userName | password |
| admin | admin | [Herika open cart [Herika opens the Page opencart, Herika clicks on Click on the username field, Herika enters 'admin' into Enter username, Herika clicks on Click on the password field, Herika enters 'admin' into Enter password, Herika clicks on Enter password]]
[Test worker] WARN net.thucydides.core.steps.BaseStepListener - stepStarted: net.thucydides.core.steps.ExecutedStepDescription@46f02bb3
[Test worker] WARN net.thucydides.core.steps.BaseStepListener - stepStarted: net.thucydides.core.steps.ExecutedStepDescription@16e990e1
[Test worker] WARN net.thucydides.core.steps.BaseStepListener - stepStarted: net.thucydides.core.steps.ExecutedStepDescription@3652fd48
[Test worker] WARN net.thucydides.core.steps.BaseStepListener - stepFinished: current outcome:Verify that the results of the products section are according to the selected filter:Given User registered log in opencart page
| userName | password |
| admin | admin | [Herika open cart [Herika opens the Page opencart, Herika clicks on Click on the username field, Herika enters 'admin' into Enter username, Herika clicks on Click on the password field, Herika enters 'admin' into Enter password, Herika clicks on Enter password]], When User selects the 'Products' option to search for available products
| productName |
| ipod | [Herika filter search [Herika clicks on Click on catalog option]]
[Test worker] WARN net.thucydides.core.steps.BaseStepListener - stepStarted: net.thucydides.core.steps.ExecutedStepDescription@40cba82
[Test worker] WARN net.thucydides.core.steps.BaseStepListener - stepFinished: current outcome:Verify that the results of the products section are according to the selected filter:Given User registered log in opencart page
| userName | password |
| admin | admin | [Herika open cart [Herika opens the Page opencart, Herika clicks on Click on the username field, Herika enters 'admin' into Enter username, Herika clicks on Click on the password field, Herika enters 'admin' into Enter password, Herika clicks on Enter password]], When User selects the 'Products' option to search for available products
| productName |
| ipod | [Herika filter search [Herika clicks on Click on catalog option, Herika clicks on Click on products option]]
[Test worker] WARN net.thucydides.core.steps.BaseStepListener - stepStarted: net.thucydides.core.steps.ExecutedStepDescription@433d06ed
[Test worker] WARN net.thucydides.core.steps.BaseStepListener - stepFinished: current outcome:Verify that the results of the products section are according to the selected filter:Given User registered log in opencart page
| userName | password |
| admin | admin | [Herika open cart [Herika opens the Page opencart, Herika clicks on Click on the username field, Herika enters 'admin' into Enter username, Herika clicks on Click on the password field, Herika enters 'admin' into Enter password, Herika clicks on Enter password]], When User selects the 'Products' option to search for available products
| productName |
| ipod | [Herika filter search [Herika clicks on Click on catalog option, Herika clicks on Click on products option, Herika clicks on Click on the Product Name field and Enter data]]
[Test worker] WARN net.thucydides.core.steps.BaseStepListener - stepStarted: net.thucydides.core.steps.ExecutedStepDescription@65922037
[Test worker] WARN net.thucydides.core.steps.BaseStepListener - stepFinished: current outcome:Verify that the results of the products section are according to the selected filter:Given User registered log in opencart page
| userName | password |
| admin | admin | [Herika open cart [Herika opens the Page opencart, Herika clicks on Click on the username field, Herika enters 'admin' into Enter username, Herika clicks on Click on the password field, Herika enters 'admin' into Enter password, Herika clicks on Enter password]], When User selects the 'Products' option to search for available products
| productName |
| ipod | [Herika filter search [Herika clicks on Click on catalog option, Herika clicks on Click on products option, Herika clicks on Click on the Product Name field and Enter data, Herika enters 'ipod' into Click on the Product Name field and Enter data]]
[Test worker] WARN net.thucydides.core.steps.BaseStepListener - stepStarted: net.thucydides.core.steps.ExecutedStepDescription@1352fe5a
[Test worker] WARN net.thucydides.core.steps.BaseStepListener - stepFinished: current outcome:Verify that the results of the products section are according to the selected filter:Given User registered log in opencart page
| userName | password |
| admin | admin | [Herika open cart [Herika opens the Page opencart, Herika clicks on Click on the username field, Herika enters 'admin' into Enter username, Herika clicks on Click on the password field, Herika enters 'admin' into Enter password, Herika clicks on Enter password]], When User selects the 'Products' option to search for available products
| productName |
| ipod | [Herika filter search [Herika clicks on Click on catalog option, Herika clicks on Click on products option, Herika clicks on Click on the Product Name field and Enter data, Herika enters 'ipod' into Click on the Product Name field and Enter data, Herika clicks on Click on Button Filter]]
[Test worker] WARN net.thucydides.core.steps.BaseStepListener - stepFinished: current outcome:Verify that the results of the products section are according to the selected filter:Given User registered log in opencart page
| userName | password |
| admin | admin | [Herika open cart [Herika opens the Page opencart, Herika clicks on Click on the username field, Herika enters 'admin' into Enter username, Herika clicks on Click on the password field, Herika enters 'admin' into Enter password, Herika clicks on Enter password]], When User selects the 'Products' option to search for available products
| productName |
| ipod | [Herika filter search [Herika clicks on Click on catalog option, Herika clicks on Click on products option, Herika clicks on Click on the Product Name field and Enter data, Herika enters 'ipod' into Click on the Product Name field and Enter data, Herika clicks on Click on Button Filter]]
[Test worker] WARN net.thucydides.core.steps.BaseStepListener - stepFinished: current outcome:Verify that the results of the products section are according to the selected filter:Given User registered log in opencart page
| userName | password |
| admin | admin | [Herika open cart [Herika opens the Page opencart, Herika clicks on Click on the username field, Herika enters 'admin' into Enter username, Herika clicks on Click on the password field, Herika enters 'admin' into Enter password, Herika clicks on Enter password]], When User selects the 'Products' option to search for available products
| productName |
| ipod | [Herika filter search [Herika clicks on Click on catalog option, Herika clicks on Click on products option, Herika clicks on Click on the Product Name field and Enter data, Herika enters 'ipod' into Click on the Product Name field and Enter data, Herika clicks on Click on Button Filter]]
[Test worker] WARN net.thucydides.core.steps.BaseStepListener - stepStarted: net.thucydides.core.steps.ExecutedStepDescription@38ea1c32
[Test worker] WARN net.thucydides.core.steps.BaseStepListener - stepStarted: net.thucydides.core.steps.ExecutedStepDescription@26237f08
[Test worker] WARN net.thucydides.core.steps.BaseStepListener - stepFinished: current outcome:Verify that the results of the products section are according to the selected filter:Given User registered log in opencart page
| userName | password |
| admin | admin | [Herika open cart [Herika opens the Page opencart, Herika clicks on Click on the username field, Herika enters 'admin' into Enter username, Herika clicks on Click on the password field, Herika enters 'admin' into Enter password, Herika clicks on Enter password]], When User selects the 'Products' option to search for available products
| productName |
| ipod | [Herika filter search [Herika clicks on Click on catalog option, Herika clicks on Click on products option, Herika clicks on Click on the Product Name field and Enter data, Herika enters 'ipod' into Click on the Product Name field and Enter data, Herika clicks on Click on Button Filter]], Then User verify that the search result is consistent with the selected filter
| checkFilteredProducts |
| Showing 1 to 4 of 4 (1 Pages) | [Then result filter]
[Test worker] WARN net.thucydides.core.steps.BaseStepListener - stepFinished: current outcome:Verify that the results of the products section are according to the selected filter:Given User registered log in opencart page
| userName | password |
| admin | admin | [Herika open cart [Herika opens the Page opencart, Herika clicks on Click on the username field, Herika enters 'admin' into Enter username, Herika clicks on Click on the password field, Herika enters 'admin' into Enter password, Herika clicks on Enter password]], When User selects the 'Products' option to search for available products
| productName |
| ipod | [Herika filter search [Herika clicks on Click on catalog option, Herika clicks on Click on products option, Herika clicks on Click on the Product Name field and Enter data, Herika enters 'ipod' into Click on the Product Name field and Enter data, Herika clicks on Click on Button Filter]], Then User verify that the search result is consistent with the selected filter
| checkFilteredProducts |
| Showing 1 to 4 of 4 (1 Pages) | [Then result filter]
[Test worker] WARN net.thucydides.core.steps.BaseStepListener - testFinished: Verify that the results of the products section are according to the selected filter:Given User registered log in opencart page
| userName | password |
| admin | admin | [Herika open cart [Herika opens the Page opencart, Herika clicks on Click on the username field, Herika enters 'admin' into Enter username, Herika clicks on Click on the password field, Herika enters 'admin' into Enter password, Herika clicks on Enter password]], When User selects the 'Products' option to search for available products
| productName |
| ipod | [Herika filter search [Herika clicks on Click on catalog option, Herika clicks on Click on products option, Herika clicks on Click on the Product Name field and Enter data, Herika enters 'ipod' into Click on the Product Name field and Enter data, Herika clicks on Click on Button Filter]], Then User verify that the search result is consistent with the selected filter
| checkFilteredProducts |
| Showing 1 to 4 of 4 (1 Pages) | [Then result filter]
[Test worker] WARN net.thucydides.core.steps.BaseStepListener - TestOutcomes: [Verify that the marketplace section has free templates to download:Given User registered enters the opencart page
| userName | password |
| demo | demo | [Herika open cart [Herika opens the Page opencart, Herika clicks on Click on the username field, Herika enters 'demo' into Enter username, Herika clicks on Click on the password field, Herika enters 'demo' into Enter password, Herika clicks on Enter password]], When User selects the 'Marketplace' section to download a free template
| filterSearch |
| Themes | [Herika select options [Herika clicks on Click on the extensions option, Herika clicks on Click on the marketplace option, Herika clicks on Click on the search bar, Herika enters 'Themes' into Enter data to search, Herika types 'ENTER' in Enter data to search, Herika clicks on Click on categories button, Herika clicks on Click on the marketplace option, Herika clicks on Click on filter free option, Herika clicks on Click on extension preview, Herika clicks on Click on Download option]], Then User verifies the results obtained to download the template
| correctScenario |
| Available Installs | [Then result opencart], Verify the failed purchase of a laptop on the YourStore page:Given User registered enters the opencart page in the section your store
| userName | password |
| demo | admin | [Herika open cart [Herika opens the Page opencart, Herika clicks on Click on the username field, Herika enters 'demo' into Enter username, Herika clicks on Click on the password field, Herika enters 'admin' into Enter password, Herika clicks on Enter password]], When User looking for a laptop to buy
| searchBox | writeNumber |
| Mac | 2 | [Herika search products [Herika clicks on Click on user profile, Herika clicks on Select the option your store, Herika clicks on Click on search box and enter text, Herika enters 'Mac' into Click on search box and enter text, Herika clicks on Click on button search , Herika clicks on Select the product of your choice, Herika clicks on Click on the input enter units, Herika enters '2' into Click on the input enter units, Herika clicks on Click on button Add to Cart, Herika clicks on Click on button Items, Herika clicks on Select the option View Cart, Herika clicks on Select button Checkout]], Then User checks if the product was added to the shopping cart to finalize the purchase
| incompleteTest |
| Shopping Cart | [Then result yourstore], Verify that the results of the products section are according to the selected filter:Given User registered log in opencart page
| userName | password |
| admin | admin | [Herika open cart [Herika opens the Page opencart, Herika clicks on Click on the username field, Herika enters 'admin' into Enter username, Herika clicks on Click on the password field, Herika enters 'admin' into Enter password, Herika clicks on Enter password]], When User selects the 'Products' option to search for available products
| productName |
| ipod | [Herika filter search [Herika clicks on Click on catalog option, Herika clicks on Click on products option, Herika clicks on Click on the Product Name field and Enter data, Herika enters 'ipod' into Click on the Product Name field and Enter data, Herika clicks on Click on Button Filter]], Then User verify that the search result is consistent with the selected filter
| checkFilteredProducts |
| Showing 1 to 4 of 4 (1 Pages) | [Then result filter]]
[Test worker] WARN net.thucydides.core.steps.BaseStepListener - Final testOutcomes: [Verify that the marketplace section has free templates to download:Given User registered enters the opencart page
| userName | password |
| demo | demo | [Herika open cart [Herika opens the Page opencart, Herika clicks on Click on the username field, Herika enters 'demo' into Enter username, Herika clicks on Click on the password field, Herika enters 'demo' into Enter password, Herika clicks on Enter password]], When User selects the 'Marketplace' section to download a free template
| filterSearch |
| Themes | [Herika select options [Herika clicks on Click on the extensions option, Herika clicks on Click on the marketplace option, Herika clicks on Click on the search bar, Herika enters 'Themes' into Enter data to search, Herika types 'ENTER' in Enter data to search, Herika clicks on Click on categories button, Herika clicks on Click on the marketplace option, Herika clicks on Click on filter free option, Herika clicks on Click on extension preview, Herika clicks on Click on Download option]], Then User verifies the results obtained to download the template
| correctScenario |
| Available Installs | [Then result opencart], Verify the failed purchase of a laptop on the YourStore page:Given User registered enters the opencart page in the section your store
| userName | password |
| demo | admin | [Herika open cart [Herika opens the Page opencart, Herika clicks on Click on the username field, Herika enters 'demo' into Enter username, Herika clicks on Click on the password field, Herika enters 'admin' into Enter password, Herika clicks on Enter password]], When User looking for a laptop to buy
| searchBox | writeNumber |
| Mac | 2 | [Herika search products [Herika clicks on Click on user profile, Herika clicks on Select the option your store, Herika clicks on Click on search box and enter text, Herika enters 'Mac' into Click on search box and enter text, Herika clicks on Click on button search , Herika clicks on Select the product of your choice, Herika clicks on Click on the input enter units, Herika enters '2' into Click on the input enter units, Herika clicks on Click on button Add to Cart, Herika clicks on Click on button Items, Herika clicks on Select the option View Cart, Herika clicks on Select button Checkout]], Then User checks if the product was added to the shopping cart to finalize the purchase
| incompleteTest |
[...]
| enterOrigin | enterDestination |
| Pereira | Medellin | [Herika check flights [Herika clicks on Click on the one way option, Herika clicks on Click on the one way option, Herika clicks on Click on the field enter the origin, Herika enters 'Pereira' into Enter city of origin, Herika types 'ENTER' in Select origin , Herika clicks on Click on the field enter destination]]
[Test worker] WARN net.thucydides.core.steps.BaseStepListener - stepStarted: net.thucydides.core.steps.ExecutedStepDescription@77a4fc5d
[Test worker] WARN net.thucydides.core.steps.BaseStepListener - stepFinished: current outcome:Check the flights on the website of the airline latam:Given User enters to the Latam's Airlines page [Herika open latam [Herika opens the Latam page]], When User selects the option 'one way' enters the data to continue
| enterOrigin | enterDestination |
| Pereira | Medellin | [Herika check flights [Herika clicks on Click on the one way option, Herika clicks on Click on the one way option, Herika clicks on Click on the field enter the origin, Herika enters 'Pereira' into Enter city of origin, Herika types 'ENTER' in Select origin , Herika clicks on Click on the field enter destination, Herika enters 'Medellin' into Enter destination city]]
[Test worker] WARN net.thucydides.core.steps.BaseStepListener - stepStarted: net.thucydides.core.steps.ExecutedStepDescription@7aab5122
[Test worker] WARN net.thucydides.core.steps.BaseStepListener - stepFinished: current outcome:Check the flights on the website of the airline latam:Given User enters to the Latam's Airlines page [Herika open latam [Herika opens the Latam page]], When User selects the option 'one way' enters the data to continue
| enterOrigin | enterDestination |
| Pereira | Medellin | [Herika check flights [Herika clicks on Click on the one way option, Herika clicks on Click on the one way option, Herika clicks on Click on the field enter the origin, Herika enters 'Pereira' into Enter city of origin, Herika types 'ENTER' in Select origin , Herika clicks on Click on the field enter destination, Herika enters 'Medellin' into Enter destination city, Herika types 'ENTER' in Select destination]]
[Test worker] WARN net.thucydides.core.steps.BaseStepListener - stepStarted: net.thucydides.core.steps.ExecutedStepDescription@48d08456
[Test worker] WARN net.thucydides.core.steps.BaseStepListener - stepFinished: current outcome:Check the flights on the website of the airline latam:Given User enters to the Latam's Airlines page [Herika open latam [Herika opens the Latam page]], When User selects the option 'one way' enters the data to continue
| enterOrigin | enterDestination |
| Pereira | Medellin | [Herika check flights [Herika clicks on Click on the one way option, Herika clicks on Click on the one way option, Herika clicks on Click on the field enter the origin, Herika enters 'Pereira' into Enter city of origin, Herika types 'ENTER' in Select origin , Herika clicks on Click on the field enter destination, Herika enters 'Medellin' into Enter destination city, Herika types 'ENTER' in Select destination, Herika clicks on Click on the date field one way]]
[Test worker] WARN net.thucydides.core.steps.BaseStepListener - stepStarted: net.thucydides.core.steps.ExecutedStepDescription@a249cb9
[Test worker] WARN net.thucydides.core.steps.BaseStepListener - stepFinished: current outcome:Check the flights on the website of the airline latam:Given User enters to the Latam's Airlines page [Herika open latam [Herika opens the Latam page]], When User selects the option 'one way' enters the data to continue
| enterOrigin | enterDestination |
| Pereira | Medellin | [Herika check flights [Herika clicks on Click on the one way option, Herika clicks on Click on the one way option, Herika clicks on Click on the field enter the origin, Herika enters 'Pereira' into Enter city of origin, Herika types 'ENTER' in Select origin , Herika clicks on Click on the field enter destination, Herika enters 'Medellin' into Enter destination city, Herika types 'ENTER' in Select destination, Herika clicks on Click on the date field one way, Herika clicks on Select date]]
[Test worker] WARN net.thucydides.core.steps.BaseStepListener - stepStarted: net.thucydides.core.steps.ExecutedStepDescription@7595d9ed
[Test worker] WARN net.thucydides.core.steps.BaseStepListener - stepFinished: current outcome:Check the flights on the website of the airline latam:Given User enters to the Latam's Airlines page [Herika open latam [Herika opens the Latam page]], When User selects the option 'one way' enters the data to continue
| enterOrigin | enterDestination |
| Pereira | Medellin | [Herika check flights [Herika clicks on Click on the one way option, Herika clicks on Click on the one way option, Herika clicks on Click on the field enter the origin, Herika enters 'Pereira' into Enter city of origin, Herika types 'ENTER' in Select origin , Herika clicks on Click on the field enter destination, Herika enters 'Medellin' into Enter destination city, Herika types 'ENTER' in Select destination, Herika clicks on Click on the date field one way, Herika clicks on Select date, Herika clicks on Click on the search button]]
[Test worker] WARN net.thucydides.core.steps.BaseStepListener - stepFinished: current outcome:Check the flights on the website of the airline latam:Given User enters to the Latam's Airlines page [Herika open latam [Herika opens the Latam page]], When User selects the option 'one way' enters the data to continue
| enterOrigin | enterDestination |
| Pereira | Medellin | [Herika check flights [Herika clicks on Click on the one way option, Herika clicks on Click on the one way option, Herika clicks on Click on the field enter the origin, Herika enters 'Pereira' into Enter city of origin, Herika types 'ENTER' in Select origin , Herika clicks on Click on the field enter destination, Herika enters 'Medellin' into Enter destination city, Herika types 'ENTER' in Select destination, Herika clicks on Click on the date field one way, Herika clicks on Select date, Herika clicks on Click on the search button]]
[Test worker] WARN net.thucydides.core.steps.BaseStepListener - stepFinished: current outcome:Check the flights on the website of the airline latam:Given User enters to the Latam's Airlines page [Herika open latam [Herika opens the Latam page]], When User selects the option 'one way' enters the data to continue
| enterOrigin | enterDestination |
| Pereira | Medellin | [Herika check flights [Herika clicks on Click on the one way option, Herika clicks on Click on the one way option, Herika clicks on Click on the field enter the origin, Herika enters 'Pereira' into Enter city of origin, Herika types 'ENTER' in Select origin , Herika clicks on Click on the field enter destination, Herika enters 'Medellin' into Enter destination city, Herika types 'ENTER' in Select destination, Herika clicks on Click on the date field one way, Herika clicks on Select date, Herika clicks on Click on the search button]]
[Test worker] WARN net.thucydides.core.steps.BaseStepListener - stepStarted: net.thucydides.core.steps.ExecutedStepDescription@247b7859
[Test worker] WARN net.thucydides.core.steps.BaseStepListener - stepStarted: net.thucydides.core.steps.ExecutedStepDescription@542626c2
[Test worker] WARN net.thucydides.core.steps.BaseStepListener - stepFinished: current outcome:Check the flights on the website of the airline latam:Given User enters to the Latam's Airlines page [Herika open latam [Herika opens the Latam page]], When User selects the option 'one way' enters the data to continue
| enterOrigin | enterDestination |
| Pereira | Medellin | [Herika check flights [Herika clicks on Click on the one way option, Herika clicks on Click on the one way option, Herika clicks on Click on the field enter the origin, Herika enters 'Pereira' into Enter city of origin, Herika types 'ENTER' in Select origin , Herika clicks on Click on the field enter destination, Herika enters 'Medellin' into Enter destination city, Herika types 'ENTER' in Select destination, Herika clicks on Click on the date field one way, Herika clicks on Select date, Herika clicks on Click on the search button]], Then User checks the result of the available flights according to the query made
| testFinished |
| vuelo de ida | [Then result flights]
[Test worker] WARN net.thucydides.core.steps.BaseStepListener - stepFinished: current outcome:Check the flights on the website of the airline latam:Given User enters to the Latam's Airlines page [Herika open latam [Herika opens the Latam page]], When User selects the option 'one way' enters the data to continue
| enterOrigin | enterDestination |
| Pereira | Medellin | [Herika check flights [Herika clicks on Click on the one way option, Herika clicks on Click on the one way option, Herika clicks on Click on the field enter the origin, Herika enters 'Pereira' into Enter city of origin, Herika types 'ENTER' in Select origin , Herika clicks on Click on the field enter destination, Herika enters 'Medellin' into Enter destination city, Herika types 'ENTER' in Select destination, Herika clicks on Click on the date field one way, Herika clicks on Select date, Herika clicks on Click on the search button]], Then User checks the result of the available flights according to the query made
| testFinished |
| vuelo de ida | [Then result flights]
[Test worker] WARN net.thucydides.core.steps.BaseStepListener - testFinished: Check the flights on the website of the airline latam:Given User enters to the Latam's Airlines page [Herika open latam [Herika opens the Latam page]], When User selects the option 'one way' enters the data to continue
| enterOrigin | enterDestination |
| Pereira | Medellin | [Herika check flights [Herika clicks on Click on the one way option, Herika clicks on Click on the one way option, Herika clicks on Click on the field enter the origin, Herika enters 'Pereira' into Enter city of origin, Herika types 'ENTER' in Select origin , Herika clicks on Click on the field enter destination, Herika enters 'Medellin' into Enter destination city, Herika types 'ENTER' in Select destination, Herika clicks on Click on the date field one way, Herika clicks on Select date, Herika clicks on Click on the search button]], Then User checks the result of the available flights according to the query made
| testFinished |
| vuelo de ida | [Then result flights]
[Test worker] WARN net.thucydides.core.steps.BaseStepListener - TestOutcomes: [Verify that the marketplace section has free templates to download:Given User registered enters the opencart page
| userName | password |
| demo | demo | [Herika open cart [Herika opens the Page opencart, Herika clicks on Click on the username field, Herika enters 'demo' into Enter username, Herika clicks on Click on the password field, Herika enters 'demo' into Enter password, Herika clicks on Enter password]], When User selects the 'Marketplace' section to download a free template
| filterSearch |
| Themes | [Herika select options [Herika clicks on Click on the extensions option, Herika clicks on Click on the marketplace option, Herika clicks on Click on the search bar, Herika enters 'Themes' into Enter data to search, Herika types 'ENTER' in Enter data to search, Herika clicks on Click on categories button, Herika clicks on Click on the marketplace option, Herika clicks on Click on filter free option, Herika clicks on Click on extension preview, Herika clicks on Click on Download option]], Then User verifies the results obtained to download the template
| correctScenario |
| Available Installs | [Then result opencart], Verify the failed purchase of a laptop on the YourStore page:Given User registered enters the opencart page in the section your store
| userName | password |
| demo | admin | [Herika open cart [Herika opens the Page opencart, Herika clicks on Click on the username field, Herika enters 'demo' into Enter username, Herika clicks on Click on the password field, Herika enters 'admin' into Enter password, Herika clicks on Enter password]], When User looking for a laptop to buy
| searchBox | writeNumber |
| Mac | 2 | [Herika search products [Herika clicks on Click on user profile, Herika clicks on Select the option your store, Herika clicks on Click on search box and enter text, Herika enters 'Mac' into Click on search box and enter text, Herika clicks on Click on button search , Herika clicks on Select the product of your choice, Herika clicks on Click on the input enter units, Herika enters '2' into Click on the input enter units, Herika clicks on Click on button Add to Cart, Herika clicks on Click on button Items, Herika clicks on Select the option View Cart, Herika clicks on Select button Checkout]], Then User checks if the product was added to the shopping cart to finalize the purchase
| incompleteTest |
| Shopping Cart | [Then result yourstore], Verify that the results of the products section are according to the selected filter:Given User registered log in opencart page
| userName | password |
| admin | admin | [Herika open cart [Herika opens the Page opencart, Herika clicks on Click on the username field, Herika enters 'admin' into Enter username, Herika clicks on Click on the password field, Herika enters 'admin' into Enter password, Herika clicks on Enter password]], When User selects the 'Products' option to search for available products
| productName |
| ipod | [Herika filter search [Herika clicks on Click on catalog option, Herika clicks on Click on products option, Herika clicks on Click on the Product Name field and Enter data, Herika enters 'ipod' into Click on the Product Name field and Enter data, Herika clicks on Click on Button Filter]], Then User verify that the search result is consistent with the selected filter
| checkFilteredProducts |
| Showing 1 to 4 of 4 (1 Pages) | [Then result filter], Check the flights on the website of the airline latam:Given User enters to the Latam's Airlines page [Herika open latam [Herika opens the Latam page]], When User selects the option 'one way' enters the data to continue
| enterOrigin | enterDestination |
| Pereira | Medellin | [Herika check flights [Herika clicks on Click on the one way option, Herika clicks on Click on the one way option, Herika clicks on Click on the field enter the origin, Herika enters 'Pereira' into Enter city of origin, Herika types 'ENTER' in Select origin , Herika clicks on Click on the field enter destination, Herika enters 'Medellin' into Enter destination city, Herika types 'ENTER' in Select destination, Herika clicks on Click on the date field one way, Herika clicks on Select date, Herika clicks on Click on the search button]], Then User checks the result of the available flights according to the query made
| testFinished |
| vuelo de ida | [Then result flights]]
[Test worker] WARN net.thucydides.core.steps.BaseStepListener - Final testOutcomes: [Verify that the marketplace section has free templates to download:Given User registered enters the opencart page
| userName | password |
| demo | demo | [Herika open cart [Herika opens the Page opencart, Herika clicks on Click on the username field, Herika enters 'demo' into Enter username, Herika clicks on Click on the password field, Herika enters 'demo' into Enter password, Herika clicks on Enter password]], When User selects the 'Marketplace' section to download a free template
| filterSearch |
| Themes | [Herika select options [Herika clicks on Click on the extensions option, Herika clicks on Click on the marketplace option, Herika clicks on Click on the search bar, Herika enters 'Themes' into Enter data to search, Herika types 'ENTER' in Enter data to search, Herika clicks on Click on categories button, Herika clicks on Click on the marketplace option, Herika clicks on Click on filter free option, Herika clicks on Click on extension preview, Herika clicks on Click on Download option]], Then User verifies the results obtained to download the template
| correctScenario |
| Available Installs | [Then result opencart], Verify the failed purchase of a laptop on the YourStore page:Given User registered enters the opencart page in the section your store
| userName | password |
| demo | admin | [Herika open cart [Herika opens the Page opencart, Herika clicks on Click on the username field, Herika enters 'demo' into Enter username, Herika clicks on Click on the password field, Herika enters 'admin' into Enter password, Herika clicks on Enter password]], When User looking for a laptop to buy
| searchBox | writeNumber |
| Mac | 2 | [Herika search products [Herika clicks on Click on user profile, Herika clicks on Select the option your store, Herika clicks on Click on search box and enter text, Herika enters 'Mac' into Click on search box and enter text, Herika clicks on Click on button search , Herika clicks on Select the product of your choice, Herika clicks on Click on the input enter units, Herika enters '2' into Click on the input enter units, Herika clicks on Click on button Add to Cart, Herika clicks on Click on button Items, Herika clicks on Select the option View Cart, Herika clicks on Select button Checkout]], Then User checks if the product was added to the shopping cart to finalize the purchase
| incompleteTest |
| Shopping Cart | [Then result yourstore], Verify that the results of the products section are according to the selected filter:Given User registered log in opencart page
| userName | password |
| admin | admin | [Herika open cart [Herika opens the Page opencart, Herika clicks on Click on the username field, Herika enters 'admin' into Enter username, Herika clicks on Click on the password field, Herika enters 'admin' into Enter password, Herika clicks on Enter password]], When User selects the 'Products' option to search for available products
| productName |
| ipod | [Herika filter search [Herika clicks on Click on catalog option, Herika clicks on Click on products option, Herika clicks on Click on the Product Name field and Enter data, Herika enters 'ipod' into Click on the Product Name field and Enter data, Herika clicks on Click on Button Filter]], Then User verify that the search result is consistent with the selected filter
| checkFilteredProducts |
| Showing 1 to 4 of 4 (1 Pages) | [Then result filter], Check the flights on the website of the airline latam:Given User enters to the Latam's Airlines page [Herika open latam [Herika opens the Latam page]], When User selects the option 'one way' enters the data to continue
| enterOrigin | enterDestination |
| Pereira | Medellin | [Herika check flights [Herika clicks on Click on the one way option, Herika clicks on Click on the one way option, Herika clicks on Click on the field enter the origin, Herika enters 'Pereira' into Enter city of origin, Herika types 'ENTER' in Select origin , Herika clicks on Click on the field enter destination, Herika enters 'Medellin' into Enter destination city, Herika types 'ENTER' in Select destination, Herika clicks on Click on the date field one way, Herika clicks on Select date, Herika clicks on Click on the search button]], Then User checks the result of the available flights according to the query made
| testFinished |
| vuelo de ida | [Then result flights]]
[Test worker] INFO net.thucydides.core.steps.ConsoleLoggingListener - ?[92m
        __    _____ _____ ____ _____   ____   _    ____  ____  _____ ____  
  _     \ \  |_   _| ____/ ___|_   _| |  _ \ / \  / ___|/ ___|| ____|  _ \ 
 (_)_____| |   | | |  _| \___ \ | |   | |_) / _ \ \___ \\___ \|  _| | | | |
  _|_____| |   | | | |___ ___) || |   |  __/ ___ \ ___) |___) | |___| |_| |
 (_)     | |   |_| |_____|____/ |_|   |_| /_/   \_\____/|____/|_____|____/ 
        /_/                                                                

TEST PASSED: Check the flights on the website of the airline latam
----------------------------------------------------------------------------?[0m
]]></system-err>
</testsuite>
