<?xml version="1.0" encoding="UTF-8"?><testsuite errors="0" failures="0" name="Check the download of a free template in the market section" skipped="0" tests="4" time="66.38" timestamp="2022-05-04 02:33:23"><testcase name="Verify that the marketplace section has free templates to download"/><testcase name="Verify the failed purchase of a laptop on the YourStore page"/><testcase name="Verify that the results of the products section are according to the selected filter"/><testcase name="Check the flights on the website of the airline latam"/></testsuite>